info it worked if it ends with ok
verbose cli [ 'node',
verbose cli   '/usr/bin/npm',
verbose cli   'install',
verbose cli   'react-big-calendar',
verbose cli   '--save' ]
info using npm@1.1.4
info using node@v0.6.12
verbose config file /home/vagrant/.npmrc
verbose config file /usr/etc/npmrc
verbose config file /usr/share/npm/npmrc
verbose caching /drupal/docroot/d8/modules/pdb/modules/pdb_react/components/react_example_1/node_modules/react-spotify-player/package.json
verbose cache add [ 'react-big-calendar', null ]
silly cache add: name, spec, args [ undefined,
silly cache add: name, spec, args   'react-big-calendar',
silly cache add: name, spec, args   [ 'react-big-calendar', null ] ]
verbose parsed url { pathname: 'react-big-calendar',
verbose parsed url   path: 'react-big-calendar',
verbose parsed url   href: 'react-big-calendar' }
verbose addNamed [ 'react-big-calendar', '' ]
verbose addNamed [ null, '' ]
silly name, range, hasData [ 'react-big-calendar', '', false ]
verbose raw, before any munging react-big-calendar
verbose url resolving [ 'http://registry.npmjs.org/', './react-big-calendar' ]
verbose url resolved http://registry.npmjs.org/react-big-calendar
http GET http://registry.npmjs.org/react-big-calendar
http 200 http://registry.npmjs.org/react-big-calendar
silly get cb [ 200,
silly get cb   { server: 'CouchDB/1.5.0 (Erlang OTP/R16B03)',
silly get cb     etag: '"3ZL7K8V5J925JSKZ2573LT8K9"',
silly get cb     'content-type': 'application/json',
silly get cb     'cache-control': 'max-age=300',
silly get cb     'content-length': '106290',
silly get cb     'accept-ranges': 'bytes',
silly get cb     date: 'Mon, 20 Jun 2016 17:42:15 GMT',
silly get cb     via: '1.1 varnish',
silly get cb     age: '0',
silly get cb     connection: 'keep-alive',
silly get cb     'x-served-by': 'cache-jfk1033-JFK',
silly get cb     'x-cache': 'MISS',
silly get cb     'x-cache-hits': '0',
silly get cb     'x-timer': 'S1466444534.898304,VS0,VE387',
silly get cb     vary: 'Accept-Encoding' } ]
verbose mkdir (expected) error ENOENT, no such file or directory '/home/vagrant/.npm/react-big-calendar'
verbose mkdir done: /home/vagrant/.npm/react-big-calendar 755
silly name, range, hasData 2 [ 'react-big-calendar', '', true ]
silly versions [ 'react-big-calendar',
silly versions   [ '0.4.0',
silly versions     '0.4.1',
silly versions     '0.5.0',
silly versions     '0.5.1',
silly versions     '0.5.2',
silly versions     '0.6.0',
silly versions     '0.6.1',
silly versions     '0.7.0',
silly versions     '0.7.1',
silly versions     '0.7.2',
silly versions     '0.8.0',
silly versions     '0.8.1',
silly versions     '0.8.2',
silly versions     '0.8.3',
silly versions     '0.9.0',
silly versions     '0.9.1',
silly versions     '0.9.2',
silly versions     '0.9.3',
silly versions     '0.9.4',
silly versions     '0.9.5',
silly versions     '0.9.6',
silly versions     '0.9.7',
silly versions     '0.9.8',
silly versions     '0.9.9',
silly versions     '0.9.10',
silly versions     '0.9.11',
silly versions     '0.9.12',
silly versions     '0.10.0',
silly versions     '0.10.1',
silly versions     '0.10.2' ] ]
verbose bin dist [ '0.6-ares1.7.5-evundefined-openssl1.0.1-v83.7.12.22-linux-x64-3.13.0-32-generic',
verbose bin dist   { shasum: '4175b6e00b30536a4065e3b35dd5f0e5af46fde4',
verbose bin dist     tarball: 'https://registry.npmjs.org/react-big-calendar/-/react-big-calendar-0.10.2.tgz' } ]
verbose addRemoteTarball [ 'http://registry.npmjs.org/react-big-calendar/-/react-big-calendar-0.10.2.tgz',
verbose addRemoteTarball   '4175b6e00b30536a4065e3b35dd5f0e5af46fde4' ]
verbose mkdir (expected) error ENOENT, no such file or directory '/tmp/npm-1466444535522'
verbose mkdir (expected) error ENOENT, no such file or directory '/tmp/npm-1466444535522/1466444535522-0.2970388759858906'
verbose mkdir done: /tmp/npm-1466444535522/1466444535522-0.2970388759858906 755
verbose fetch to /tmp/npm-1466444535522/1466444535522-0.2970388759858906/tmp.tgz
http GET http://registry.npmjs.org/react-big-calendar/-/react-big-calendar-0.10.2.tgz
http 200 http://registry.npmjs.org/react-big-calendar/-/react-big-calendar-0.10.2.tgz
silly updated sha bytes 38410
info shasum 4175b6e00b30536a4065e3b35dd5f0e5af46fde4
info shasum /tmp/npm-1466444535522/1466444535522-0.2970388759858906/tmp.tgz
verbose mkdir (expected) error ENOENT, no such file or directory '/tmp/npm-1466444535522/1466444535522-0.2970388759858906/___package.npm'
verbose mkdir done: /tmp/npm-1466444535522/1466444535522-0.2970388759858906/___package.npm 755
verbose unpack_ uid, gid [ undefined, undefined ]
verbose unpackTarget /tmp/npm-1466444535522/1466444535522-0.2970388759858906/package
silly gunzTarPerm modes [ '755', '644' ]
silly afterUntar ok
silly asyncMap in gTP /tmp/npm-1466444535522/1466444535522-0.2970388759858906/___package.npm/package
silly asyncMap in gTP /tmp/npm-1466444535522/1466444535522-0.2970388759858906/___package.npm/package/package.json
silly asyncMap in gTP /tmp/npm-1466444535522/1466444535522-0.2970388759858906/___package.npm/package/CHANGELOG.md
silly asyncMap in gTP /tmp/npm-1466444535522/1466444535522-0.2970388759858906/___package.npm/package/LICENSE
silly asyncMap in gTP /tmp/npm-1466444535522/1466444535522-0.2970388759858906/___package.npm/package/README.md
silly asyncMap in gTP /tmp/npm-1466444535522/1466444535522-0.2970388759858906/___package.npm/package/lib
silly asyncMap in gTP /tmp/npm-1466444535522/1466444535522-0.2970388759858906/___package.npm/package/lib/TimeGrid.js
silly asyncMap in gTP /tmp/npm-1466444535522/1466444535522-0.2970388759858906/___package.npm/package/lib/Popup.js
silly asyncMap in gTP /tmp/npm-1466444535522/1466444535522-0.2970388759858906/___package.npm/package/lib/Week.js
silly asyncMap in gTP /tmp/npm-1466444535522/1466444535522-0.2970388759858906/___package.npm/package/lib/Day.js
silly asyncMap in gTP /tmp/npm-1466444535522/1466444535522-0.2970388759858906/___package.npm/package/lib/Views.js
silly asyncMap in gTP /tmp/npm-1466444535522/1466444535522-0.2970388759858906/___package.npm/package/lib/EventCell.js
silly asyncMap in gTP /tmp/npm-1466444535522/1466444535522-0.2970388759858906/___package.npm/package/lib/index.js
silly asyncMap in gTP /tmp/npm-1466444535522/1466444535522-0.2970388759858906/___package.npm/package/lib/Selection.js
silly asyncMap in gTP /tmp/npm-1466444535522/1466444535522-0.2970388759858906/___package.npm/package/lib/DayColumn.js
silly asyncMap in gTP /tmp/npm-1466444535522/1466444535522-0.2970388759858906/___package.npm/package/lib/Toolbar.js
silly asyncMap in gTP /tmp/npm-1466444535522/1466444535522-0.2970388759858906/___package.npm/package/lib/Agenda.js
silly asyncMap in gTP /tmp/npm-1466444535522/1466444535522-0.2970388759858906/___package.npm/package/lib/formats.js
silly asyncMap in gTP /tmp/npm-1466444535522/1466444535522-0.2970388759858906/___package.npm/package/lib/EventRow.js
silly asyncMap in gTP /tmp/npm-1466444535522/1466444535522-0.2970388759858906/___package.npm/package/lib/localizer.js
silly asyncMap in gTP /tmp/npm-1466444535522/1466444535522-0.2970388759858906/___package.npm/package/lib/Calendar.js
silly asyncMap in gTP /tmp/npm-1466444535522/1466444535522-0.2970388759858906/___package.npm/package/lib/TimeColumn.js
silly asyncMap in gTP /tmp/npm-1466444535522/1466444535522-0.2970388759858906/___package.npm/package/lib/EventRowMixin.js
silly asyncMap in gTP /tmp/npm-1466444535522/1466444535522-0.2970388759858906/___package.npm/package/lib/TimeSlotGroup.js
silly asyncMap in gTP /tmp/npm-1466444535522/1466444535522-0.2970388759858906/___package.npm/package/lib/Month.js
silly asyncMap in gTP /tmp/npm-1466444535522/1466444535522-0.2970388759858906/___package.npm/package/lib/TimeSlot.js
silly asyncMap in gTP /tmp/npm-1466444535522/1466444535522-0.2970388759858906/___package.npm/package/lib/EventEndingRow.js
silly asyncMap in gTP /tmp/npm-1466444535522/1466444535522-0.2970388759858906/___package.npm/package/lib/BackgroundCells.js
silly asyncMap in gTP /tmp/npm-1466444535522/1466444535522-0.2970388759858906/___package.npm/package/lib/localizers
silly asyncMap in gTP /tmp/npm-1466444535522/1466444535522-0.2970388759858906/___package.npm/package/lib/localizers/oldGlobalize.js
silly asyncMap in gTP /tmp/npm-1466444535522/1466444535522-0.2970388759858906/___package.npm/package/lib/localizers/globalize.js
silly asyncMap in gTP /tmp/npm-1466444535522/1466444535522-0.2970388759858906/___package.npm/package/lib/localizers/moment.js
silly asyncMap in gTP /tmp/npm-1466444535522/1466444535522-0.2970388759858906/___package.npm/package/lib/less
silly asyncMap in gTP /tmp/npm-1466444535522/1466444535522-0.2970388759858906/___package.npm/package/lib/less/variables.less
silly asyncMap in gTP /tmp/npm-1466444535522/1466444535522-0.2970388759858906/___package.npm/package/lib/less/event.less
silly asyncMap in gTP /tmp/npm-1466444535522/1466444535522-0.2970388759858906/___package.npm/package/lib/less/toolbar.less
silly asyncMap in gTP /tmp/npm-1466444535522/1466444535522-0.2970388759858906/___package.npm/package/lib/less/reset.less
silly asyncMap in gTP /tmp/npm-1466444535522/1466444535522-0.2970388759858906/___package.npm/package/lib/less/agenda.less
silly asyncMap in gTP /tmp/npm-1466444535522/1466444535522-0.2970388759858906/___package.npm/package/lib/less/month.less
silly asyncMap in gTP /tmp/npm-1466444535522/1466444535522-0.2970388759858906/___package.npm/package/lib/less/styles.less
silly asyncMap in gTP /tmp/npm-1466444535522/1466444535522-0.2970388759858906/___package.npm/package/lib/less/time-grid.less
silly asyncMap in gTP /tmp/npm-1466444535522/1466444535522-0.2970388759858906/___package.npm/package/lib/less/time-column.less
silly asyncMap in gTP /tmp/npm-1466444535522/1466444535522-0.2970388759858906/___package.npm/package/lib/utils
silly asyncMap in gTP /tmp/npm-1466444535522/1466444535522-0.2970388759858906/___package.npm/package/lib/utils/accessors.js
silly asyncMap in gTP /tmp/npm-1466444535522/1466444535522-0.2970388759858906/___package.npm/package/lib/utils/dates.js
silly asyncMap in gTP /tmp/npm-1466444535522/1466444535522-0.2970388759858906/___package.npm/package/lib/utils/constants.js
silly asyncMap in gTP /tmp/npm-1466444535522/1466444535522-0.2970388759858906/___package.npm/package/lib/utils/eventLevels.js
silly asyncMap in gTP /tmp/npm-1466444535522/1466444535522-0.2970388759858906/___package.npm/package/lib/utils/propTypes.js
silly asyncMap in gTP /tmp/npm-1466444535522/1466444535522-0.2970388759858906/___package.npm/package/lib/utils/messages.js
silly asyncMap in gTP /tmp/npm-1466444535522/1466444535522-0.2970388759858906/___package.npm/package/lib/utils/helpers.js
silly asyncMap in gTP /tmp/npm-1466444535522/1466444535522-0.2970388759858906/___package.npm/package/lib/utils/move.js
silly asyncMap in gTP /tmp/npm-1466444535522/1466444535522-0.2970388759858906/___package.npm/package/lib/utils/selection.js
silly asyncMap in gTP /tmp/npm-1466444535522/1466444535522-0.2970388759858906/___package.npm/package/lib/utils/viewLabel.js
silly asyncMap in gTP /tmp/npm-1466444535522/1466444535522-0.2970388759858906/___package.npm/package/lib/css
silly asyncMap in gTP /tmp/npm-1466444535522/1466444535522-0.2970388759858906/___package.npm/package/lib/css/react-big-calendar.css
silly chmod package 755
silly chmod lib 755
silly chmod localizers 755
silly chmod less 755
silly chmod utils 755
silly chmod css 755
verbose gunzed /tmp/npm-1466444535522/1466444535522-0.2970388759858906/___package.npm/package
verbose rm'ed /tmp/npm-1466444535522/1466444535522-0.2970388759858906/package
verbose renamed [ '/tmp/npm-1466444535522/1466444535522-0.2970388759858906/___package.npm/package',
verbose renamed   '/tmp/npm-1466444535522/1466444535522-0.2970388759858906/package' ]
verbose caching /tmp/npm-1466444535522/1466444535522-0.2970388759858906/package/package.json
verbose loadDefaults react-big-calendar@0.10.2
verbose tarball contents [ 'package', 'tmp.tgz' ]
verbose from cache /tmp/npm-1466444535522/1466444535522-0.2970388759858906/package/package.json
verbose pack /tmp/npm-1466444535522/1466444535522-0.2970388759858906/package
verbose pack /tmp/npm-1466444535522/1466444535522-0.2970388759858906/package /home/vagrant/.npm/react-big-calendar/0.10.2/package.tgz
silly makeList /tmp/npm-1466444535522/1466444535522-0.2970388759858906/package
silly dir, dirLen [ '/tmp/npm-1466444535522/1466444535522-0.2970388759858906/package',
silly dir, dirLen   64 ]
verbose tarball /home/vagrant/.npm/react-big-calendar/0.10.2/package.tgz
verbose parent /tmp/npm-1466444535522/1466444535522-0.2970388759858906/package
verbose mkdir (expected) error ENOENT, no such file or directory '/home/vagrant/.npm/react-big-calendar/0.10.2/___package.npm'
verbose mkdir done: /home/vagrant/.npm/react-big-calendar/0.10.2/___package.npm 755
verbose unpack_ uid, gid [ undefined, undefined ]
verbose unpackTarget /home/vagrant/.npm/react-big-calendar/0.10.2/package
silly gunzTarPerm modes [ '755', '644' ]
silly afterUntar ok
silly asyncMap in gTP /home/vagrant/.npm/react-big-calendar/0.10.2/___package.npm/package
silly asyncMap in gTP /home/vagrant/.npm/react-big-calendar/0.10.2/___package.npm/package/package.json
silly asyncMap in gTP /home/vagrant/.npm/react-big-calendar/0.10.2/___package.npm/package/CHANGELOG.md
silly asyncMap in gTP /home/vagrant/.npm/react-big-calendar/0.10.2/___package.npm/package/LICENSE
silly asyncMap in gTP /home/vagrant/.npm/react-big-calendar/0.10.2/___package.npm/package/README.md
silly asyncMap in gTP /home/vagrant/.npm/react-big-calendar/0.10.2/___package.npm/package/lib
silly asyncMap in gTP /home/vagrant/.npm/react-big-calendar/0.10.2/___package.npm/package/lib/TimeGrid.js
silly asyncMap in gTP /home/vagrant/.npm/react-big-calendar/0.10.2/___package.npm/package/lib/Popup.js
silly asyncMap in gTP /home/vagrant/.npm/react-big-calendar/0.10.2/___package.npm/package/lib/Week.js
silly asyncMap in gTP /home/vagrant/.npm/react-big-calendar/0.10.2/___package.npm/package/lib/Day.js
silly asyncMap in gTP /home/vagrant/.npm/react-big-calendar/0.10.2/___package.npm/package/lib/Views.js
silly asyncMap in gTP /home/vagrant/.npm/react-big-calendar/0.10.2/___package.npm/package/lib/EventCell.js
silly asyncMap in gTP /home/vagrant/.npm/react-big-calendar/0.10.2/___package.npm/package/lib/index.js
silly asyncMap in gTP /home/vagrant/.npm/react-big-calendar/0.10.2/___package.npm/package/lib/Selection.js
silly asyncMap in gTP /home/vagrant/.npm/react-big-calendar/0.10.2/___package.npm/package/lib/DayColumn.js
silly asyncMap in gTP /home/vagrant/.npm/react-big-calendar/0.10.2/___package.npm/package/lib/Toolbar.js
silly asyncMap in gTP /home/vagrant/.npm/react-big-calendar/0.10.2/___package.npm/package/lib/Agenda.js
silly asyncMap in gTP /home/vagrant/.npm/react-big-calendar/0.10.2/___package.npm/package/lib/formats.js
silly asyncMap in gTP /home/vagrant/.npm/react-big-calendar/0.10.2/___package.npm/package/lib/EventRow.js
silly asyncMap in gTP /home/vagrant/.npm/react-big-calendar/0.10.2/___package.npm/package/lib/localizer.js
silly asyncMap in gTP /home/vagrant/.npm/react-big-calendar/0.10.2/___package.npm/package/lib/Calendar.js
silly asyncMap in gTP /home/vagrant/.npm/react-big-calendar/0.10.2/___package.npm/package/lib/TimeColumn.js
silly asyncMap in gTP /home/vagrant/.npm/react-big-calendar/0.10.2/___package.npm/package/lib/EventRowMixin.js
silly asyncMap in gTP /home/vagrant/.npm/react-big-calendar/0.10.2/___package.npm/package/lib/TimeSlotGroup.js
silly asyncMap in gTP /home/vagrant/.npm/react-big-calendar/0.10.2/___package.npm/package/lib/Month.js
silly asyncMap in gTP /home/vagrant/.npm/react-big-calendar/0.10.2/___package.npm/package/lib/TimeSlot.js
silly asyncMap in gTP /home/vagrant/.npm/react-big-calendar/0.10.2/___package.npm/package/lib/EventEndingRow.js
silly asyncMap in gTP /home/vagrant/.npm/react-big-calendar/0.10.2/___package.npm/package/lib/BackgroundCells.js
silly asyncMap in gTP /home/vagrant/.npm/react-big-calendar/0.10.2/___package.npm/package/lib/localizers
silly asyncMap in gTP /home/vagrant/.npm/react-big-calendar/0.10.2/___package.npm/package/lib/localizers/oldGlobalize.js
silly asyncMap in gTP /home/vagrant/.npm/react-big-calendar/0.10.2/___package.npm/package/lib/localizers/globalize.js
silly asyncMap in gTP /home/vagrant/.npm/react-big-calendar/0.10.2/___package.npm/package/lib/localizers/moment.js
silly asyncMap in gTP /home/vagrant/.npm/react-big-calendar/0.10.2/___package.npm/package/lib/less
silly asyncMap in gTP /home/vagrant/.npm/react-big-calendar/0.10.2/___package.npm/package/lib/less/variables.less
silly asyncMap in gTP /home/vagrant/.npm/react-big-calendar/0.10.2/___package.npm/package/lib/less/event.less
silly asyncMap in gTP /home/vagrant/.npm/react-big-calendar/0.10.2/___package.npm/package/lib/less/toolbar.less
silly asyncMap in gTP /home/vagrant/.npm/react-big-calendar/0.10.2/___package.npm/package/lib/less/reset.less
silly asyncMap in gTP /home/vagrant/.npm/react-big-calendar/0.10.2/___package.npm/package/lib/less/agenda.less
silly asyncMap in gTP /home/vagrant/.npm/react-big-calendar/0.10.2/___package.npm/package/lib/less/month.less
silly asyncMap in gTP /home/vagrant/.npm/react-big-calendar/0.10.2/___package.npm/package/lib/less/styles.less
silly asyncMap in gTP /home/vagrant/.npm/react-big-calendar/0.10.2/___package.npm/package/lib/less/time-grid.less
silly asyncMap in gTP /home/vagrant/.npm/react-big-calendar/0.10.2/___package.npm/package/lib/less/time-column.less
silly asyncMap in gTP /home/vagrant/.npm/react-big-calendar/0.10.2/___package.npm/package/lib/utils
silly asyncMap in gTP /home/vagrant/.npm/react-big-calendar/0.10.2/___package.npm/package/lib/utils/accessors.js
silly asyncMap in gTP /home/vagrant/.npm/react-big-calendar/0.10.2/___package.npm/package/lib/utils/dates.js
silly asyncMap in gTP /home/vagrant/.npm/react-big-calendar/0.10.2/___package.npm/package/lib/utils/constants.js
silly asyncMap in gTP /home/vagrant/.npm/react-big-calendar/0.10.2/___package.npm/package/lib/utils/eventLevels.js
silly asyncMap in gTP /home/vagrant/.npm/react-big-calendar/0.10.2/___package.npm/package/lib/utils/propTypes.js
silly asyncMap in gTP /home/vagrant/.npm/react-big-calendar/0.10.2/___package.npm/package/lib/utils/messages.js
silly asyncMap in gTP /home/vagrant/.npm/react-big-calendar/0.10.2/___package.npm/package/lib/utils/helpers.js
silly asyncMap in gTP /home/vagrant/.npm/react-big-calendar/0.10.2/___package.npm/package/lib/utils/move.js
silly asyncMap in gTP /home/vagrant/.npm/react-big-calendar/0.10.2/___package.npm/package/lib/utils/selection.js
silly asyncMap in gTP /home/vagrant/.npm/react-big-calendar/0.10.2/___package.npm/package/lib/utils/viewLabel.js
silly asyncMap in gTP /home/vagrant/.npm/react-big-calendar/0.10.2/___package.npm/package/lib/css
silly asyncMap in gTP /home/vagrant/.npm/react-big-calendar/0.10.2/___package.npm/package/lib/css/react-big-calendar.css
silly chmod package 755
verbose gunzed /home/vagrant/.npm/react-big-calendar/0.10.2/___package.npm/package
verbose rm'ed /home/vagrant/.npm/react-big-calendar/0.10.2/package
verbose renamed [ '/home/vagrant/.npm/react-big-calendar/0.10.2/___package.npm/package',
verbose renamed   '/home/vagrant/.npm/react-big-calendar/0.10.2/package' ]
verbose caching /home/vagrant/.npm/react-big-calendar/0.10.2/package/package.json
verbose loadDefaults react-big-calendar@0.10.2
silly updated sha bytes 39666
info shasum 7e19567271de70feb6d88600f8c614618541fca5
info shasum /home/vagrant/.npm/react-big-calendar/0.10.2/package.tgz
verbose from cache /home/vagrant/.npm/react-big-calendar/0.10.2/package/package.json
verbose chmod /home/vagrant/.npm/react-big-calendar/0.10.2/package.tgz 644
verbose chown [ '/home/vagrant/.npm/react-big-calendar/0.10.2/package.tgz',
verbose chown   1000,
verbose chown   1000 ]
silly resolved [ { name: 'react-big-calendar',
silly resolved     version: '0.10.2',
silly resolved     description: 'Calendar! with events',
silly resolved     author: { name: 'Jason Quense', email: 'monastic.panic@gmail.com' },
silly resolved     repository: { type: 'git', url: 'intljusticemission/react-big-calendar' },
silly resolved     license: 'MIT',
silly resolved     main: 'lib/index.js',
silly resolved     style: 'lib/css/react-big-calendar.css',
silly resolved     files: [ 'lib/', 'LICENSE', 'README.md', 'CHANGELOG.md' ],
silly resolved     keywords: 
silly resolved      [ 'scheduler',
silly resolved        'react-component',
silly resolved        'react',
silly resolved        'calendar',
silly resolved        'events',
silly resolved        'full calendar' ],
silly resolved     scripts: 
silly resolved      { clean: 'rimraf lib',
silly resolved        'clean:examples': 'rimraf examples/static',
silly resolved        less: 'lessc --autoprefix="ie >= 10, last 2 versions" src/less/styles.less ./lib/css/react-big-calendar.css',
silly resolved        assets: 'cpy src/less/* lib/less',
silly resolved        build: 'npm run clean && babel src --out-dir lib && npm run assets && npm run less',
silly resolved        'build:examples': 'npm run clean:examples && webpack --config webpack/examples.config.es6.js',
silly resolved        'build:visual-test': 'webpack --config webpack/visual-test.es6.js',
silly resolved        examples: 'npm run clean:examples && webpack-dev-server --inline --hot --config webpack/examples.config.es6.js',
silly resolved        lint: 'eslint src --ext .jsx --ext .js',
silly resolved        storybook: 'start-storybook -p 9002',
silly resolved        test: 'npm run lint',
silly resolved        tdd: 'karma start',
silly resolved        release: 'release' },
silly resolved     peerDependencies: 
silly resolved      { react: '^0.14.0 || ^15.0.0',
silly resolved        'react-dom': '^0.14.0 || ^15.0.0' },
silly resolved     devDependencies: 
silly resolved      { '@kadira/storybook': '^1.28.1',
silly resolved        'babel-cli': '^6.7.5',
silly resolved        'babel-core': '^6.7.6',
silly resolved        'babel-eslint': '^6.0.2',
silly resolved        'babel-loader': '^6.2.4',
silly resolved        'babel-preset-es2015': '^6.6.0',
silly resolved        'babel-preset-jason': '^1.0.1',
silly resolved        'babel-register': '^6.7.2',
silly resolved        chai: '^3.2.0',
silly resolved        chance: '^0.7.6',
silly resolved        'component-metadata-loader': '^2.0.3',
silly resolved        cpy: '^3.4.1',
silly resolved        'css-loader': '^0.15.6',
silly resolved        'es5-shim': '^4.1.7',
silly resolved        eslint: '^1.0.0',
silly resolved        'eslint-plugin-babel': '^1.0.0',
silly resolved        'eslint-plugin-mocha': '^1.0.0',
silly resolved        'eslint-plugin-react': '^3.1.0',
silly resolved        'file-loader': '^0.8.4',
silly resolved        globalize: '^0.1.1',
silly resolved        'html-webpack-plugin': '^1.7.0',
silly resolved        karma: '^0.13.3',
silly resolved        'karma-chrome-launcher': '^0.2.0',
silly resolved        'karma-cli': '^0.1.0',
silly resolved        'karma-coverage': '^0.4.2',
silly resolved        'karma-coveralls': '^1.1.0',
silly resolved        'karma-mocha': '^0.2.0',
silly resolved        'karma-mocha-reporter': '^1.0.4',
silly resolved        'karma-sinon-chai': '^1.0.0',
silly resolved        'karma-sourcemap-loader': '^0.3.5',
silly resolved        'karma-webpack': '^1.7.0',
silly resolved        less: '^2.5.1',
silly resolved        'less-loader': '^2.2.0',
silly resolved        'less-plugin-autoprefix': '^1.5.1',
silly resolved        lolex: '^1.4.0',
silly resolved        'markdown-jsx-loader': '^2.0.1',
silly resolved        marked: '^0.3.5',
silly resolved        mocha: '^2.2.5',
silly resolved        moment: '^2.13.0',
silly resolved        'mt-changelog': '^0.6.1',
silly resolved        'node-libs-browser': '^0.5.2',
silly resolved        'postcss-loader': '^0.6.0',
silly resolved        'raw-loader': '^0.5.1',
silly resolved        react: '^15.0.0',
silly resolved        'react-bootstrap': '^0.28.0',
silly resolved        'react-dom': '^15.0.0',
silly resolved        'release-script': '^1.0.0',
silly resolved        rimraf: '^2.4.2',
silly resolved        sinon: '^1.15.4',
silly resolved        'sinon-chai': '^2.8.0',
silly resolved        'style-loader': '^0.12.3',
silly resolved        'url-loader': '^0.5.6',
silly resolved        webpack: '^1.9.11',
silly resolved        'webpack-dev-server': '^1.9.0',
silly resolved        yargs: '^3.14.0' },
silly resolved     dependencies: 
silly resolved      { classnames: '^2.1.3',
silly resolved        'date-arithmetic': '^3.0.0',
silly resolved        'dom-helpers': '^2.3.0',
silly resolved        invariant: '^2.1.0',
silly resolved        lodash: '^3.10.1',
silly resolved        'react-overlays': '^0.6.0',
silly resolved        'react-prop-types': '^0.2.1',
silly resolved        uncontrollable: '^3.1.0',
silly resolved        warning: '^2.0.0' },
silly resolved     _id: 'react-big-calendar@0.10.2',
silly resolved     optionalDependencies: {},
silly resolved     engines: { node: '*' },
silly resolved     _engineSupported: true,
silly resolved     _npmVersion: '1.1.4',
silly resolved     _nodeVersion: 'v0.6.12',
silly resolved     _defaultsLoaded: true,
silly resolved     dist: { shasum: '7e19567271de70feb6d88600f8c614618541fca5' },
silly resolved     _from: 'react-big-calendar' } ]
info into /drupal/docroot/d8/modules/pdb/modules/pdb_react/components/react_example_1 react-big-calendar@0.10.2
info installOne react-big-calendar@0.10.2
verbose from cache /home/vagrant/.npm/react-big-calendar/0.10.2/package/package.json
info unbuild /drupal/docroot/d8/modules/pdb/modules/pdb_react/components/react_example_1/node_modules/react-big-calendar
verbose mkdir (expected) error ENOENT, no such file or directory '/drupal/docroot/d8/modules/pdb/modules/pdb_react/components/react_example_1/node_modules/___react-big-calendar.npm'
verbose mkdir done: /drupal/docroot/d8/modules/pdb/modules/pdb_react/components/react_example_1/node_modules/___react-big-calendar.npm 755
verbose unpack_ uid, gid [ undefined, undefined ]
verbose unpackTarget /drupal/docroot/d8/modules/pdb/modules/pdb_react/components/react_example_1/node_modules/react-big-calendar
silly gunzTarPerm modes [ '755', '644' ]
silly afterUntar ok
silly asyncMap in gTP /drupal/docroot/d8/modules/pdb/modules/pdb_react/components/react_example_1/node_modules/___react-big-calendar.npm/package
silly asyncMap in gTP /drupal/docroot/d8/modules/pdb/modules/pdb_react/components/react_example_1/node_modules/___react-big-calendar.npm/package/CHANGELOG.md
silly asyncMap in gTP /drupal/docroot/d8/modules/pdb/modules/pdb_react/components/react_example_1/node_modules/___react-big-calendar.npm/package/package.json
silly asyncMap in gTP /drupal/docroot/d8/modules/pdb/modules/pdb_react/components/react_example_1/node_modules/___react-big-calendar.npm/package/LICENSE
silly asyncMap in gTP /drupal/docroot/d8/modules/pdb/modules/pdb_react/components/react_example_1/node_modules/___react-big-calendar.npm/package/README.md
silly asyncMap in gTP /drupal/docroot/d8/modules/pdb/modules/pdb_react/components/react_example_1/node_modules/___react-big-calendar.npm/package/lib
silly asyncMap in gTP /drupal/docroot/d8/modules/pdb/modules/pdb_react/components/react_example_1/node_modules/___react-big-calendar.npm/package/lib/Agenda.js
silly asyncMap in gTP /drupal/docroot/d8/modules/pdb/modules/pdb_react/components/react_example_1/node_modules/___react-big-calendar.npm/package/lib/BackgroundCells.js
silly asyncMap in gTP /drupal/docroot/d8/modules/pdb/modules/pdb_react/components/react_example_1/node_modules/___react-big-calendar.npm/package/lib/Calendar.js
silly asyncMap in gTP /drupal/docroot/d8/modules/pdb/modules/pdb_react/components/react_example_1/node_modules/___react-big-calendar.npm/package/lib/Day.js
silly asyncMap in gTP /drupal/docroot/d8/modules/pdb/modules/pdb_react/components/react_example_1/node_modules/___react-big-calendar.npm/package/lib/DayColumn.js
silly asyncMap in gTP /drupal/docroot/d8/modules/pdb/modules/pdb_react/components/react_example_1/node_modules/___react-big-calendar.npm/package/lib/EventCell.js
silly asyncMap in gTP /drupal/docroot/d8/modules/pdb/modules/pdb_react/components/react_example_1/node_modules/___react-big-calendar.npm/package/lib/EventEndingRow.js
silly asyncMap in gTP /drupal/docroot/d8/modules/pdb/modules/pdb_react/components/react_example_1/node_modules/___react-big-calendar.npm/package/lib/EventRow.js
silly asyncMap in gTP /drupal/docroot/d8/modules/pdb/modules/pdb_react/components/react_example_1/node_modules/___react-big-calendar.npm/package/lib/EventRowMixin.js
silly asyncMap in gTP /drupal/docroot/d8/modules/pdb/modules/pdb_react/components/react_example_1/node_modules/___react-big-calendar.npm/package/lib/formats.js
silly asyncMap in gTP /drupal/docroot/d8/modules/pdb/modules/pdb_react/components/react_example_1/node_modules/___react-big-calendar.npm/package/lib/index.js
silly asyncMap in gTP /drupal/docroot/d8/modules/pdb/modules/pdb_react/components/react_example_1/node_modules/___react-big-calendar.npm/package/lib/localizer.js
silly asyncMap in gTP /drupal/docroot/d8/modules/pdb/modules/pdb_react/components/react_example_1/node_modules/___react-big-calendar.npm/package/lib/Month.js
silly asyncMap in gTP /drupal/docroot/d8/modules/pdb/modules/pdb_react/components/react_example_1/node_modules/___react-big-calendar.npm/package/lib/Popup.js
silly asyncMap in gTP /drupal/docroot/d8/modules/pdb/modules/pdb_react/components/react_example_1/node_modules/___react-big-calendar.npm/package/lib/Selection.js
silly asyncMap in gTP /drupal/docroot/d8/modules/pdb/modules/pdb_react/components/react_example_1/node_modules/___react-big-calendar.npm/package/lib/TimeColumn.js
silly asyncMap in gTP /drupal/docroot/d8/modules/pdb/modules/pdb_react/components/react_example_1/node_modules/___react-big-calendar.npm/package/lib/TimeGrid.js
silly asyncMap in gTP /drupal/docroot/d8/modules/pdb/modules/pdb_react/components/react_example_1/node_modules/___react-big-calendar.npm/package/lib/TimeSlot.js
silly asyncMap in gTP /drupal/docroot/d8/modules/pdb/modules/pdb_react/components/react_example_1/node_modules/___react-big-calendar.npm/package/lib/TimeSlotGroup.js
silly asyncMap in gTP /drupal/docroot/d8/modules/pdb/modules/pdb_react/components/react_example_1/node_modules/___react-big-calendar.npm/package/lib/Toolbar.js
silly asyncMap in gTP /drupal/docroot/d8/modules/pdb/modules/pdb_react/components/react_example_1/node_modules/___react-big-calendar.npm/package/lib/Views.js
silly asyncMap in gTP /drupal/docroot/d8/modules/pdb/modules/pdb_react/components/react_example_1/node_modules/___react-big-calendar.npm/package/lib/Week.js
silly asyncMap in gTP /drupal/docroot/d8/modules/pdb/modules/pdb_react/components/react_example_1/node_modules/___react-big-calendar.npm/package/lib/css
silly asyncMap in gTP /drupal/docroot/d8/modules/pdb/modules/pdb_react/components/react_example_1/node_modules/___react-big-calendar.npm/package/lib/css/react-big-calendar.css
silly asyncMap in gTP /drupal/docroot/d8/modules/pdb/modules/pdb_react/components/react_example_1/node_modules/___react-big-calendar.npm/package/lib/localizers
silly asyncMap in gTP /drupal/docroot/d8/modules/pdb/modules/pdb_react/components/react_example_1/node_modules/___react-big-calendar.npm/package/lib/localizers/globalize.js
silly asyncMap in gTP /drupal/docroot/d8/modules/pdb/modules/pdb_react/components/react_example_1/node_modules/___react-big-calendar.npm/package/lib/localizers/moment.js
silly asyncMap in gTP /drupal/docroot/d8/modules/pdb/modules/pdb_react/components/react_example_1/node_modules/___react-big-calendar.npm/package/lib/localizers/oldGlobalize.js
silly asyncMap in gTP /drupal/docroot/d8/modules/pdb/modules/pdb_react/components/react_example_1/node_modules/___react-big-calendar.npm/package/lib/less
silly asyncMap in gTP /drupal/docroot/d8/modules/pdb/modules/pdb_react/components/react_example_1/node_modules/___react-big-calendar.npm/package/lib/less/agenda.less
silly asyncMap in gTP /drupal/docroot/d8/modules/pdb/modules/pdb_react/components/react_example_1/node_modules/___react-big-calendar.npm/package/lib/less/event.less
silly asyncMap in gTP /drupal/docroot/d8/modules/pdb/modules/pdb_react/components/react_example_1/node_modules/___react-big-calendar.npm/package/lib/less/month.less
silly asyncMap in gTP /drupal/docroot/d8/modules/pdb/modules/pdb_react/components/react_example_1/node_modules/___react-big-calendar.npm/package/lib/less/reset.less
silly asyncMap in gTP /drupal/docroot/d8/modules/pdb/modules/pdb_react/components/react_example_1/node_modules/___react-big-calendar.npm/package/lib/less/styles.less
silly asyncMap in gTP /drupal/docroot/d8/modules/pdb/modules/pdb_react/components/react_example_1/node_modules/___react-big-calendar.npm/package/lib/less/time-column.less
silly asyncMap in gTP /drupal/docroot/d8/modules/pdb/modules/pdb_react/components/react_example_1/node_modules/___react-big-calendar.npm/package/lib/less/time-grid.less
silly asyncMap in gTP /drupal/docroot/d8/modules/pdb/modules/pdb_react/components/react_example_1/node_modules/___react-big-calendar.npm/package/lib/less/toolbar.less
silly asyncMap in gTP /drupal/docroot/d8/modules/pdb/modules/pdb_react/components/react_example_1/node_modules/___react-big-calendar.npm/package/lib/less/variables.less
silly asyncMap in gTP /drupal/docroot/d8/modules/pdb/modules/pdb_react/components/react_example_1/node_modules/___react-big-calendar.npm/package/lib/utils
silly asyncMap in gTP /drupal/docroot/d8/modules/pdb/modules/pdb_react/components/react_example_1/node_modules/___react-big-calendar.npm/package/lib/utils/accessors.js
silly asyncMap in gTP /drupal/docroot/d8/modules/pdb/modules/pdb_react/components/react_example_1/node_modules/___react-big-calendar.npm/package/lib/utils/constants.js
silly asyncMap in gTP /drupal/docroot/d8/modules/pdb/modules/pdb_react/components/react_example_1/node_modules/___react-big-calendar.npm/package/lib/utils/dates.js
silly asyncMap in gTP /drupal/docroot/d8/modules/pdb/modules/pdb_react/components/react_example_1/node_modules/___react-big-calendar.npm/package/lib/utils/eventLevels.js
silly asyncMap in gTP /drupal/docroot/d8/modules/pdb/modules/pdb_react/components/react_example_1/node_modules/___react-big-calendar.npm/package/lib/utils/helpers.js
silly asyncMap in gTP /drupal/docroot/d8/modules/pdb/modules/pdb_react/components/react_example_1/node_modules/___react-big-calendar.npm/package/lib/utils/messages.js
silly asyncMap in gTP /drupal/docroot/d8/modules/pdb/modules/pdb_react/components/react_example_1/node_modules/___react-big-calendar.npm/package/lib/utils/move.js
silly asyncMap in gTP /drupal/docroot/d8/modules/pdb/modules/pdb_react/components/react_example_1/node_modules/___react-big-calendar.npm/package/lib/utils/propTypes.js
silly asyncMap in gTP /drupal/docroot/d8/modules/pdb/modules/pdb_react/components/react_example_1/node_modules/___react-big-calendar.npm/package/lib/utils/selection.js
silly asyncMap in gTP /drupal/docroot/d8/modules/pdb/modules/pdb_react/components/react_example_1/node_modules/___react-big-calendar.npm/package/lib/utils/viewLabel.js
silly chmod package 755
verbose gunzed /drupal/docroot/d8/modules/pdb/modules/pdb_react/components/react_example_1/node_modules/___react-big-calendar.npm/package
verbose rm'ed /drupal/docroot/d8/modules/pdb/modules/pdb_react/components/react_example_1/node_modules/react-big-calendar
verbose renamed [ '/drupal/docroot/d8/modules/pdb/modules/pdb_react/components/react_example_1/node_modules/___react-big-calendar.npm/package',
verbose renamed   '/drupal/docroot/d8/modules/pdb/modules/pdb_react/components/react_example_1/node_modules/react-big-calendar' ]
verbose caching /drupal/docroot/d8/modules/pdb/modules/pdb_react/components/react_example_1/node_modules/react-big-calendar/package.json
verbose loadDefaults react-big-calendar@0.10.2
info preinstall react-big-calendar@0.10.2
verbose from cache /drupal/docroot/d8/modules/pdb/modules/pdb_react/components/react_example_1/node_modules/react-big-calendar/package.json
verbose readDependencies: using package.json deps
verbose from cache /drupal/docroot/d8/modules/pdb/modules/pdb_react/components/react_example_1/node_modules/react-big-calendar/package.json
verbose readDependencies: using package.json deps
verbose cache add [ 'classnames@^2.1.3', null ]
silly cache add: name, spec, args [ undefined, 'classnames@^2.1.3', [ 'classnames@^2.1.3', null ] ]
verbose parsed url { pathname: 'classnames@^2.1.3',
verbose parsed url   path: 'classnames@^2.1.3',
verbose parsed url   href: 'classnames@^2.1.3' }
silly cache add: name, spec, args [ 'classnames', '^2.1.3', [ 'classnames', '^2.1.3' ] ]
verbose parsed url { pathname: '^2.1.3', path: '^2.1.3', href: '^2.1.3' }
verbose addNamed [ 'classnames', '^2.1.3' ]
verbose addNamed [ null, null ]
info addNameTag [ 'classnames', '^2.1.3' ]
verbose raw, before any munging classnames
verbose url resolving [ 'http://registry.npmjs.org/', './classnames' ]
verbose url resolved http://registry.npmjs.org/classnames
http GET http://registry.npmjs.org/classnames
verbose cache add [ 'date-arithmetic@^3.0.0', null ]
silly cache add: name, spec, args [ undefined,
silly cache add: name, spec, args   'date-arithmetic@^3.0.0',
silly cache add: name, spec, args   [ 'date-arithmetic@^3.0.0', null ] ]
verbose parsed url { pathname: 'date-arithmetic@^3.0.0',
verbose parsed url   path: 'date-arithmetic@^3.0.0',
verbose parsed url   href: 'date-arithmetic@^3.0.0' }
silly cache add: name, spec, args [ 'date-arithmetic', '^3.0.0', [ 'date-arithmetic', '^3.0.0' ] ]
verbose parsed url { pathname: '^3.0.0', path: '^3.0.0', href: '^3.0.0' }
verbose addNamed [ 'date-arithmetic', '^3.0.0' ]
verbose addNamed [ null, null ]
info addNameTag [ 'date-arithmetic', '^3.0.0' ]
verbose raw, before any munging date-arithmetic
verbose url resolving [ 'http://registry.npmjs.org/', './date-arithmetic' ]
verbose url resolved http://registry.npmjs.org/date-arithmetic
http GET http://registry.npmjs.org/date-arithmetic
verbose cache add [ 'dom-helpers@^2.3.0', null ]
silly cache add: name, spec, args [ undefined,
silly cache add: name, spec, args   'dom-helpers@^2.3.0',
silly cache add: name, spec, args   [ 'dom-helpers@^2.3.0', null ] ]
verbose parsed url { pathname: 'dom-helpers@^2.3.0',
verbose parsed url   path: 'dom-helpers@^2.3.0',
verbose parsed url   href: 'dom-helpers@^2.3.0' }
silly cache add: name, spec, args [ 'dom-helpers', '^2.3.0', [ 'dom-helpers', '^2.3.0' ] ]
verbose parsed url { pathname: '^2.3.0', path: '^2.3.0', href: '^2.3.0' }
verbose addNamed [ 'dom-helpers', '^2.3.0' ]
verbose addNamed [ null, null ]
info addNameTag [ 'dom-helpers', '^2.3.0' ]
verbose cache add [ 'invariant@^2.1.0', null ]
silly cache add: name, spec, args [ undefined, 'invariant@^2.1.0', [ 'invariant@^2.1.0', null ] ]
verbose parsed url { pathname: 'invariant@^2.1.0',
verbose parsed url   path: 'invariant@^2.1.0',
verbose parsed url   href: 'invariant@^2.1.0' }
silly cache add: name, spec, args [ 'invariant', '^2.1.0', [ 'invariant', '^2.1.0' ] ]
verbose parsed url { pathname: '^2.1.0', path: '^2.1.0', href: '^2.1.0' }
verbose addNamed [ 'invariant', '^2.1.0' ]
verbose addNamed [ null, null ]
info addNameTag [ 'invariant', '^2.1.0' ]
verbose raw, before any munging dom-helpers
verbose url resolving [ 'http://registry.npmjs.org/', './dom-helpers' ]
verbose url resolved http://registry.npmjs.org/dom-helpers
http GET http://registry.npmjs.org/dom-helpers
verbose raw, before any munging invariant
verbose url resolving [ 'http://registry.npmjs.org/', './invariant' ]
verbose url resolved http://registry.npmjs.org/invariant
http GET http://registry.npmjs.org/invariant
verbose cache add [ 'lodash@^3.10.1', null ]
silly cache add: name, spec, args [ undefined, 'lodash@^3.10.1', [ 'lodash@^3.10.1', null ] ]
verbose parsed url { pathname: 'lodash@^3.10.1',
verbose parsed url   path: 'lodash@^3.10.1',
verbose parsed url   href: 'lodash@^3.10.1' }
silly cache add: name, spec, args [ 'lodash', '^3.10.1', [ 'lodash', '^3.10.1' ] ]
verbose parsed url { pathname: '^3.10.1', path: '^3.10.1', href: '^3.10.1' }
verbose addNamed [ 'lodash', '^3.10.1' ]
verbose addNamed [ null, null ]
info addNameTag [ 'lodash', '^3.10.1' ]
verbose cache add [ 'react-overlays@^0.6.0', null ]
silly cache add: name, spec, args [ undefined,
silly cache add: name, spec, args   'react-overlays@^0.6.0',
silly cache add: name, spec, args   [ 'react-overlays@^0.6.0', null ] ]
verbose parsed url { pathname: 'react-overlays@^0.6.0',
verbose parsed url   path: 'react-overlays@^0.6.0',
verbose parsed url   href: 'react-overlays@^0.6.0' }
silly cache add: name, spec, args [ 'react-overlays', '^0.6.0', [ 'react-overlays', '^0.6.0' ] ]
verbose parsed url { pathname: '^0.6.0', path: '^0.6.0', href: '^0.6.0' }
verbose addNamed [ 'react-overlays', '^0.6.0' ]
verbose addNamed [ null, null ]
info addNameTag [ 'react-overlays', '^0.6.0' ]
verbose cache add [ 'react-prop-types@^0.2.1', null ]
silly cache add: name, spec, args [ undefined,
silly cache add: name, spec, args   'react-prop-types@^0.2.1',
silly cache add: name, spec, args   [ 'react-prop-types@^0.2.1', null ] ]
verbose parsed url { pathname: 'react-prop-types@^0.2.1',
verbose parsed url   path: 'react-prop-types@^0.2.1',
verbose parsed url   href: 'react-prop-types@^0.2.1' }
silly cache add: name, spec, args [ 'react-prop-types',
silly cache add: name, spec, args   '^0.2.1',
silly cache add: name, spec, args   [ 'react-prop-types', '^0.2.1' ] ]
verbose parsed url { pathname: '^0.2.1', path: '^0.2.1', href: '^0.2.1' }
verbose addNamed [ 'react-prop-types', '^0.2.1' ]
verbose addNamed [ null, null ]
info addNameTag [ 'react-prop-types', '^0.2.1' ]
verbose raw, before any munging lodash
verbose url resolving [ 'http://registry.npmjs.org/', './lodash' ]
verbose url resolved http://registry.npmjs.org/lodash
http GET http://registry.npmjs.org/lodash
verbose raw, before any munging react-overlays
verbose url resolving [ 'http://registry.npmjs.org/', './react-overlays' ]
verbose url resolved http://registry.npmjs.org/react-overlays
http GET http://registry.npmjs.org/react-overlays
verbose raw, before any munging react-prop-types
verbose url resolving [ 'http://registry.npmjs.org/', './react-prop-types' ]
verbose url resolved http://registry.npmjs.org/react-prop-types
http GET http://registry.npmjs.org/react-prop-types
verbose cache add [ 'uncontrollable@^3.1.0', null ]
silly cache add: name, spec, args [ undefined,
silly cache add: name, spec, args   'uncontrollable@^3.1.0',
silly cache add: name, spec, args   [ 'uncontrollable@^3.1.0', null ] ]
verbose parsed url { pathname: 'uncontrollable@^3.1.0',
verbose parsed url   path: 'uncontrollable@^3.1.0',
verbose parsed url   href: 'uncontrollable@^3.1.0' }
silly cache add: name, spec, args [ 'uncontrollable', '^3.1.0', [ 'uncontrollable', '^3.1.0' ] ]
verbose parsed url { pathname: '^3.1.0', path: '^3.1.0', href: '^3.1.0' }
verbose addNamed [ 'uncontrollable', '^3.1.0' ]
verbose addNamed [ null, null ]
info addNameTag [ 'uncontrollable', '^3.1.0' ]
verbose cache add [ 'warning@^2.0.0', null ]
silly cache add: name, spec, args [ undefined, 'warning@^2.0.0', [ 'warning@^2.0.0', null ] ]
verbose parsed url { pathname: 'warning@^2.0.0',
verbose parsed url   path: 'warning@^2.0.0',
verbose parsed url   href: 'warning@^2.0.0' }
silly cache add: name, spec, args [ 'warning', '^2.0.0', [ 'warning', '^2.0.0' ] ]
verbose parsed url { pathname: '^2.0.0', path: '^2.0.0', href: '^2.0.0' }
verbose addNamed [ 'warning', '^2.0.0' ]
verbose addNamed [ null, null ]
info addNameTag [ 'warning', '^2.0.0' ]
verbose raw, before any munging uncontrollable
verbose url resolving [ 'http://registry.npmjs.org/', './uncontrollable' ]
verbose url resolved http://registry.npmjs.org/uncontrollable
http GET http://registry.npmjs.org/uncontrollable
verbose raw, before any munging warning
verbose url resolving [ 'http://registry.npmjs.org/', './warning' ]
verbose url resolved http://registry.npmjs.org/warning
http GET http://registry.npmjs.org/warning
http 200 http://registry.npmjs.org/invariant
silly get cb [ 200,
silly get cb   { server: 'CouchDB/1.5.0 (Erlang OTP/R16B03)',
silly get cb     etag: '"BZPR94IIWKJTJFW079QKRI75C"',
silly get cb     'content-type': 'application/json',
silly get cb     'cache-control': 'max-age=300',
silly get cb     'content-length': '13551',
silly get cb     'accept-ranges': 'bytes',
silly get cb     date: 'Mon, 20 Jun 2016 17:42:16 GMT',
silly get cb     via: '1.1 varnish',
silly get cb     age: '240',
silly get cb     connection: 'keep-alive',
silly get cb     'x-served-by': 'cache-jfk1029-JFK',
silly get cb     'x-cache': 'HIT',
silly get cb     'x-cache-hits': '1',
silly get cb     'x-timer': 'S1466444536.598355,VS0,VE0',
silly get cb     vary: 'Accept-Encoding' } ]
verbose mkdir (expected) error ENOENT, no such file or directory '/home/vagrant/.npm/invariant'
verbose mkdir done: /home/vagrant/.npm/invariant 755
verbose about to build /drupal/docroot/d8/modules/pdb/modules/pdb_react/components/react_example_1/node_modules/react-big-calendar
ERR! error installing react-big-calendar@0.10.2
info unbuild /drupal/docroot/d8/modules/pdb/modules/pdb_react/components/react_example_1/node_modules/react-big-calendar
verbose from cache /drupal/docroot/d8/modules/pdb/modules/pdb_react/components/react_example_1/node_modules/react-big-calendar/package.json
info preuninstall react-big-calendar@0.10.2
info uninstall react-big-calendar@0.10.2
verbose unbuild react-big-calendar@0.10.2 [ true,
verbose unbuild react-big-calendar@0.10.2   '/drupal/docroot/d8/modules/pdb/modules/pdb_react/components/react_example_1/node_modules',
verbose unbuild react-big-calendar@0.10.2   '/drupal/docroot/d8/modules/pdb/modules/pdb_react/components/react_example_1/node_modules' ]
info postuninstall react-big-calendar@0.10.2
http 200 http://registry.npmjs.org/classnames
silly get cb [ 200,
silly get cb   { server: 'CouchDB/1.5.0 (Erlang OTP/R16B03)',
silly get cb     etag: '"CDUDIOKC1FLTTDFKJPA3YT66D"',
silly get cb     'content-type': 'application/json',
silly get cb     'cache-control': 'max-age=300',
silly get cb     'content-length': '32292',
silly get cb     'accept-ranges': 'bytes',
silly get cb     date: 'Mon, 20 Jun 2016 17:42:16 GMT',
silly get cb     via: '1.1 varnish',
silly get cb     age: '0',
silly get cb     connection: 'keep-alive',
silly get cb     'x-served-by': 'cache-jfk1032-JFK',
silly get cb     'x-cache': 'MISS',
silly get cb     'x-cache-hits': '0',
silly get cb     'x-timer': 'S1466444536.582272,VS0,VE36',
silly get cb     vary: 'Accept-Encoding' } ]
verbose mkdir (expected) error ENOENT, no such file or directory '/home/vagrant/.npm/classnames'
verbose mkdir done: /home/vagrant/.npm/classnames 755
verbose installOne cb react-big-calendar@0.10.2
ERR! Error: No compatible version found: invariant@'^2.1.0'
ERR! Valid install targets:
ERR! ["2.1.1","2.1.2","2.1.3","2.2.0","2.2.1"]
ERR!     at installTargetsError (/usr/share/npm/lib/cache.js:488:10)
ERR!     at /usr/share/npm/lib/cache.js:375:15
ERR!     at saved (/usr/share/npm/lib/utils/npm-registry-client/get.js:147:7)
ERR!     at Object.oncomplete (/usr/lib/nodejs/graceful-fs.js:230:7)
ERR! You may report this log at:
ERR!     <http://bugs.debian.org/npm>
ERR! or use
ERR!     reportbug --attach /drupal/docroot/d8/modules/pdb/modules/pdb_react/components/react_example_1/npm-debug.log npm
ERR! 
ERR! System Linux 3.13.0-32-generic
ERR! command "node" "/usr/bin/npm" "install" "react-big-calendar" "--save"
ERR! cwd /drupal/docroot/d8/modules/pdb/modules/pdb_react/components/react_example_1
ERR! node -v v0.6.12
ERR! npm -v 1.1.4
ERR! message No compatible version found: invariant@'^2.1.0'
ERR! message Valid install targets:
ERR! message ["2.1.1","2.1.2","2.1.3","2.2.0","2.2.1"]
verbose exit [ 1, true ]
